TN:
SF:src/App.jsx
FN:9,App
FN:19,(anonymous_1)
FN:19,(anonymous_2)
FN:41,(anonymous_3)
FN:44,(anonymous_4)
FN:47,(anonymous_5)
FN:74,(anonymous_6)
FNF:7
FNH:0
FNDA:0,App
FNDA:0,(anonymous_1)
FNDA:0,(anonymous_2)
FNDA:0,(anonymous_3)
FNDA:0,(anonymous_4)
FNDA:0,(anonymous_5)
FNDA:0,(anonymous_6)
DA:10,0
DA:11,0
DA:12,0
DA:14,0
DA:19,0
DA:41,0
DA:44,0
DA:47,0
DA:74,0
LF:9
LH:0
BRDA:32,0,0,0
BRDA:32,0,1,0
BRDA:36,1,0,0
BRDA:36,1,1,0
BRF:4
BRH:0
end_of_record
TN:
SF:src/components/Boton.jsx
FN:14,(anonymous_0)
FNF:1
FNH:1
FNDA:98,(anonymous_0)
DA:14,2
DA:23,98
DA:24,98
DA:25,98
DA:27,98
DA:31,98
DA:45,2
LF:7
LH:7
BRDA:17,0,0,11
BRDA:18,1,0,67
BRDA:19,2,0,41
BRDA:20,3,0,96
BRDA:37,4,0,98
BRDA:37,4,1,14
BRF:6
BRH:6
end_of_record
TN:
SF:src/components/Contador.jsx
FN:14,(anonymous_0)
FN:17,(anonymous_1)
FN:18,(anonymous_2)
FN:24,(anonymous_3)
FN:25,(anonymous_4)
FN:31,(anonymous_5)
FNF:6
FNH:6
FNDA:28,(anonymous_0)
FNDA:9,(anonymous_1)
FNDA:9,(anonymous_2)
FNDA:5,(anonymous_3)
FNDA:5,(anonymous_4)
FNDA:2,(anonymous_5)
DA:14,1
DA:15,28
DA:17,28
DA:18,9
DA:19,9
DA:20,9
DA:24,28
DA:25,5
DA:26,5
DA:27,5
DA:31,28
DA:32,2
DA:35,28
DA:36,28
DA:38,28
DA:79,1
LF:16
LH:16
BRDA:14,0,0,8
BRDA:14,1,0,18
BRDA:20,2,0,4
BRDA:20,2,1,5
BRDA:27,3,0,4
BRDA:27,3,1,1
BRDA:35,4,0,28
BRDA:35,4,1,11
BRDA:36,5,0,28
BRDA:36,5,1,11
BRDA:72,6,0,28
BRDA:72,6,1,11
BRDA:73,7,0,28
BRDA:73,7,1,11
BRF:14
BRH:14
end_of_record
TN:
SF:src/components/MatematicasConErrores.js
FN:2,(anonymous_0)
FN:14,(anonymous_1)
FN:26,(anonymous_2)
FN:39,(anonymous_3)
FN:52,(anonymous_4)
FN:63,(anonymous_5)
FN:73,(anonymous_6)
FN:88,(anonymous_7)
FN:108,(anonymous_8)
FN:130,(anonymous_9)
FNF:10
FNH:10
FNDA:5,(anonymous_0)
FNDA:3,(anonymous_1)
FNDA:3,(anonymous_2)
FNDA:4,(anonymous_3)
FNDA:4,(anonymous_4)
FNDA:4,(anonymous_5)
FNDA:4,(anonymous_6)
FNDA:5,(anonymous_7)
FNDA:8,(anonymous_8)
FNDA:2,(anonymous_9)
DA:2,1
DA:3,5
DA:4,3
DA:6,2
DA:7,2
DA:8,1
DA:10,2
DA:14,1
DA:15,3
DA:16,1
DA:17,0
DA:19,0
DA:20,0
DA:22,0
DA:26,1
DA:27,3
DA:28,1
DA:29,0
DA:31,0
DA:32,0
DA:33,0
DA:35,0
DA:39,1
DA:40,4
DA:42,1
DA:43,1
DA:44,5
DA:45,0
DA:48,1
DA:52,1
DA:53,4
DA:55,1
DA:56,1
DA:57,4
DA:59,1
DA:63,1
DA:64,4
DA:66,2
DA:67,2
DA:69,2
DA:73,1
DA:74,4
DA:76,1
DA:77,1
DA:79,1
DA:80,4
DA:81,2
DA:84,1
DA:88,1
DA:89,5
DA:91,1
DA:92,1
DA:94,1
DA:95,6
DA:96,27
DA:98,7
DA:99,7
DA:100,7
DA:104,1
DA:108,1
DA:109,8
DA:111,5
DA:112,5
DA:114,5
DA:115,13
DA:117,13
DA:118,1
DA:119,12
DA:120,8
DA:122,4
DA:126,4
DA:130,1
DA:131,2
DA:132,2
DA:134,2
DA:135,4
DA:136,4
DA:137,4
DA:140,2
LF:79
LH:69
BRDA:3,0,0,2
BRDA:3,0,1,3
BRDA:4,1,0,1
BRDA:4,1,1,2
BRDA:15,2,0,2
BRDA:15,2,1,1
BRDA:16,3,0,1
BRDA:16,3,1,0
BRDA:17,4,0,0
BRDA:17,4,1,0
BRDA:20,5,0,0
BRDA:20,5,1,0
BRDA:27,6,0,2
BRDA:27,6,1,1
BRDA:28,7,0,1
BRDA:28,7,1,0
BRDA:29,8,0,0
BRDA:29,8,1,0
BRDA:40,9,0,3
BRDA:40,9,1,1
BRDA:40,10,0,4
BRDA:40,10,1,2
BRDA:44,11,0,0
BRDA:44,11,1,5
BRDA:53,12,0,3
BRDA:53,12,1,1
BRDA:53,13,0,4
BRDA:53,13,1,2
BRDA:64,14,0,2
BRDA:64,14,1,2
BRDA:74,15,0,3
BRDA:74,15,1,1
BRDA:80,16,0,2
BRDA:80,16,1,2
BRDA:89,17,0,4
BRDA:89,17,1,1
BRDA:89,18,0,5
BRDA:89,18,1,3
BRDA:96,19,0,7
BRDA:96,19,1,20
BRDA:109,20,0,3
BRDA:109,20,1,5
BRDA:109,21,0,8
BRDA:109,21,1,6
BRDA:117,22,0,1
BRDA:117,22,1,12
BRDA:119,23,0,8
BRDA:119,23,1,4
BRF:48
BRH:39
end_of_record
TN:
SF:src/hooks/index.js
FN:4,(anonymous_0)
FN:6,(anonymous_1)
FN:17,(anonymous_2)
FN:38,(anonymous_3)
FN:43,(anonymous_4)
FN:44,(anonymous_5)
FN:73,(anonymous_6)
FN:76,(anonymous_7)
FN:76,(anonymous_8)
FN:77,(anonymous_9)
FN:78,(anonymous_10)
FNF:11
FNH:11
FNDA:9,(anonymous_0)
FNDA:6,(anonymous_1)
FNDA:3,(anonymous_2)
FNDA:8,(anonymous_3)
FNDA:5,(anonymous_4)
FNDA:4,(anonymous_5)
FNDA:9,(anonymous_6)
FNDA:2,(anonymous_7)
FNDA:2,(anonymous_8)
FNDA:1,(anonymous_9)
FNDA:1,(anonymous_10)
DA:4,1
DA:6,9
DA:7,6
DA:8,6
DA:9,6
DA:11,1
DA:12,1
DA:17,9
DA:18,3
DA:20,3
DA:21,3
DA:24,3
DA:25,0
DA:27,3
DA:30,0
DA:34,9
DA:38,1
DA:39,8
DA:40,8
DA:41,8
DA:43,8
DA:44,5
DA:45,4
DA:46,4
DA:47,4
DA:49,4
DA:51,3
DA:52,1
DA:55,2
DA:56,2
DA:58,2
DA:60,4
DA:64,5
DA:65,4
DA:69,8
DA:73,1
DA:74,9
DA:76,9
DA:77,9
DA:78,9
DA:80,9
LF:41
LH:39
BRDA:9,0,0,2
BRDA:9,0,1,4
BRDA:20,1,0,1
BRDA:20,1,1,2
BRDA:24,2,0,0
BRDA:24,2,1,3
BRDA:38,3,0,8
BRDA:51,4,0,1
BRDA:51,4,1,2
BRDA:64,5,0,4
BRDA:64,5,1,1
BRDA:73,6,0,1
BRF:12
BRH:11
end_of_record
